es/yy/maj/proguard/seeds.txt
com.baidu.tts.client.TtsMode
com.baidu.tts.client.TtsMode: com.baidu.tts.client.TtsMode ONLINE
com.baidu.tts.client.TtsMode: com.baidu.tts.client.TtsMode MIX
com.baidu.tts.client.TtsMode: com.baidu.tts.f.m a
com.baidu.tts.client.TtsMode: com.baidu.tts.client.TtsMode[] b
com.baidu.tts.client.TtsMode: com.baidu.tts.client.TtsMode[] values()
com.baidu.tts.client.TtsMode: com.baidu.tts.client.TtsMode valueOf(java.lang.String)
com.baidu.tts.client.TtsMode: TtsMode(java.lang.String,int,com.baidu.tts.f.m)
com.baidu.tts.client.TtsMode: com.baidu.tts.f.m getTtsEnum()
com.baidu.tts.client.TtsMode: int getMode()
com.baidu.tts.client.TtsMode: java.lang.String getDescription()
com.baidu.tts.client.TtsMode: void <clinit>()
com.baidu.tts.client.model.AvailableConditions
com.baidu.tts.client.model.AvailableConditions: java.util.Set a
com.baidu.tts.client.model.AvailableConditions: java.util.Set b
com.baidu.tts.client.model.AvailableConditions: AvailableConditions()
com.baidu.tts.client.model.AvailableConditions: java.util.Set getGenders()
com.baidu.tts.client.model.AvailableConditions: void setGenders(java.util.Set)
com.baidu.tts.client.model.AvailableConditions: java.util.Set getSpeakers()
com.baidu.tts.client.model.AvailableConditions: void setSpeakers(java.util.Set)
com.baidu.tts.client.model.AvailableConditions: void appendGender(java.lang.String)
com.baidu.tts.client.model.AvailableConditions: void appendSpeaker(java.lang.String)
com.baidu.tts.client.model.BasicHandler
com.baidu.tts.client.model.BasicHandler: java.util.concurrent.FutureTask a
com.baidu.tts.client.model.BasicHandler: BasicHandler(java.util.concurrent.FutureTask)
com.baidu.tts.client.model.BasicHandler: void start()
com.baidu.tts.client.model.BasicHandler: boolean cancel()
com.baidu.tts.client.model.BasicHandler: java.lang.Object get()
com.baidu.tts.client.model.Conditions
com.baidu.tts.client.model.Conditions: java.util.Set a
com.baidu.tts.client.model.Conditions: java.lang.String b
com.baidu.tts.client.model.Conditions: java.util.Set c
com.baidu.tts.client.model.Conditions: java.util.Set d
com.baidu.tts.client.model.Conditions: java.util.Set e
com.baidu.tts.client.model.Conditions: java.util.Set f
com.baidu.tts.client.model.Conditions: java.util.Set g
com.baidu.tts.client.model.Conditions: Conditions()
com.baidu.tts.client.model.Conditions: java.util.Set getModelIds()
com.baidu.tts.client.model.Conditions: void setModelIds(java.util.Set)
com.baidu.tts.client.model.Conditions: java.util.Set getLanguages()
com.baidu.tts.client.model.Conditions: void setLanguages(java.util.Set)
com.baidu.tts.client.model.Conditions: java.util.Set getGenders()
com.baidu.tts.client.model.Conditions: void setGenders(java.util.Set)
com.baidu.tts.client.model.Conditions: java.util.Set getSpeakers()
com.baidu.tts.client.model.Conditions: void setSpeakers(java.util.Set)
com.baidu.tts.client.model.Conditions: java.util.Set getDomains()
com.baidu.tts.client.model.Conditions: void setDomains(java.util.Set)
com.baidu.tts.client.model.Conditions: java.util.Set getQualitys()
com.baidu.tts.client.model.Conditions: void setQualitys(java.util.Set)
com.baidu.tts.client.model.Conditions: void appendId(java.lang.String)
com.baidu.tts.client.model.Conditions: void appendLanguage(java.lang.String)