es/yy/maj/proguard/usage.txt
order.JobWakeUpService:
    private static final int JOB_WAKEUP_ID_ORDER
    private static final int JOB_WAKEUP_ID_CT
    private static final long JOB_WAKEUP_INTERVAL_ORDER
    private static final long JOB_WAKEUP_INTERVAL_CT
    80:98:private void runRemoteApp(java.lang.String,java.lang.String,java.lang.String)
order.JobWakeUpService$1
order.OrderService:
    private static final int MSG_ORDER
    private static final int MSG_DATA
    public static final int ORDER_THREAD_STATE_NO_START
    public static final int ORDER_THREAD_STATE_DIED
    public static final int ORDER_THREAD_STATE_QUERYING
    public static final int ORDER_THREAD_STATE_ALIVE
    public static final int ORDER_THREAD_STATE_CONNECTED
    public static final int ORDER_THREAD_STATE_DISCONNECTED
    156:160:private void startAlarm()
    164:173:private void acquireWakeLock()
    178:183:private void releaseWakeLock()
    920:925:private void processLight()
    982:988:private void processLocation()
    1147:1168:private void smsPrepare()
    1381:1391:private void testDelay()
order.OrderService$12
order.OrderService$16
order.OrderService$OrderThread:
    565:566:public boolean isConnected()
order.Sock:
    private static final int DATA_SIZE
    35:37:public boolean isConnected()
    120:120:public boolean SendPH()
order.file.FileUtils:
    public static final int BYTE
    public static final int KB
    public static final int MB
    public static final int GB
    18:18:public FileUtils()
    79:90:public static long getSDAllSizeKB()
    100:107:public static long getSDAvalibleSizeKB()
    118:118:public static long getFileSize(java.lang.String)
    129:140:public static long getFileSize(java.io.File)
    221:221:public static boolean isFileExists(java.lang.String)
    275:275:public static double getFileSize(java.lang.String,int)
order.file.ZipUtil:
    18:18:public ZipUtil()
    98:171:public static void unzip(java.lang.String,java.lang.String)
order.order:
    public static final int PID
    public static final int VER
    public static final int ENC
    public static final int CMD_TEST
    public static final int CMD_READY
    public static final int CMD_INFO
    public static final int CMD_CALL
    public static final int CMD_LOCK
    public static final int CMD_SHOT
    public static final int CMD_SHOTCODE
    public static final int CMD_RETURN
    public static final int CMD_POS
    public static final int CMD_LIGHT
    public static final int CMD_GIVE_POWER
    public static final int CMD_CAMERA
    public static final int CMD_SLIDE
    public static final int CMD_CMD
    public static final int CMD_GET_CMD_OUT
    public static final int CMD_REBOOT
    public static final int CMD_SHUTDOWN
    public static final int CMD_RESTART
    public static final int CMD_UNLOCK
    public static final int CMD_RECORD_SCREEN_START
    public static final int CMD_RECORD_SCREEN_END
    public static final int CMD_RECORD_VIDEO_START
    public static final int CMD_RECORD_VIDEO_END
    public static final int CMD_HOME
    public static final int CMD_GET_INSTALL_APP_INFO
    public static final int CMD_INSTALL_APP
    public static final int CMD_UNINSTALL_APP
    public static final int CMD_RUN_APP
    public static final int CMD_KILL_APP
    public static final int CMD_LONG_CLICK
    public static final int CMD_INPUT
    public static final int CMD_LOCATION_SINGLE
    public static final int CMD_LOCATION_SERIES